<?xml version="1.0" encoding="UTF-8"?>
<testng-results skipped="0" failed="0" ignored="0" total="7" passed="7">
  <reporter-output>
  </reporter-output>
  <suite name="Default suite" duration-ms="193099" started-at="2019-05-29T17:16:51Z" finished-at="2019-05-29T17:20:04Z">
    <groups>
    </groups>
    <test name="Default test" duration-ms="193099" started-at="2019-05-29T17:16:51Z" finished-at="2019-05-29T17:20:04Z">
      <class name="Cinepolis">
        <test-method status="PASS" signature="navegador()[pri:0, instance:Cinepolis@2a70a3d8]" name="navegador" is-config="true" duration-ms="127289" started-at="2019-05-29T17:16:51Z" finished-at="2019-05-29T17:18:58Z">
          <reporter-output>
          </reporter-output>
        </test-method> <!-- navegador -->
        <test-method status="PASS" signature="inicio()[pri:0, instance:Cinepolis@2a70a3d8]" name="inicio" duration-ms="14348" started-at="2019-05-29T17:18:58Z" finished-at="2019-05-29T17:19:12Z">
          <reporter-output>
          </reporter-output>
        </test-method> <!-- inicio -->
        <test-method status="PASS" signature="pelicula()[pri:1, instance:Cinepolis@2a70a3d8]" name="pelicula" duration-ms="12556" started-at="2019-05-29T17:19:12Z" finished-at="2019-05-29T17:19:25Z">
          <reporter-output>
          </reporter-output>
        </test-method> <!-- pelicula -->
        <test-method status="PASS" signature="seleccionaHorario()[pri:2, instance:Cinepolis@2a70a3d8]" name="seleccionaHorario" duration-ms="10431" started-at="2019-05-29T17:19:25Z" finished-at="2019-05-29T17:19:35Z">
          <reporter-output>
          </reporter-output>
        </test-method> <!-- seleccionaHorario -->
        <test-method status="PASS" signature="escogeLugar()[pri:3, instance:Cinepolis@2a70a3d8]" name="escogeLugar" duration-ms="6837" started-at="2019-05-29T17:19:35Z" finished-at="2019-05-29T17:19:42Z">
          <reporter-output>
          </reporter-output>
        </test-method> <!-- escogeLugar -->
        <test-method status="PASS" signature="iniciaSesion()[pri:4, instance:Cinepolis@2a70a3d8]" name="iniciaSesion" duration-ms="5771" started-at="2019-05-29T17:19:42Z" finished-at="2019-05-29T17:19:48Z">
          <reporter-output>
          </reporter-output>
        </test-method> <!-- iniciaSesion -->
        <test-method status="PASS" signature="confirmaCompra()[pri:5, instance:Cinepolis@2a70a3d8]" name="confirmaCompra" duration-ms="10212" started-at="2019-05-29T17:19:48Z" finished-at="2019-05-29T17:19:58Z">
          <reporter-output>
          </reporter-output>
        </test-method> <!-- confirmaCompra -->
        <test-method status="PASS" signature="mensaje()[pri:6, instance:Cinepolis@2a70a3d8]" name="mensaje" duration-ms="2636" started-at="2019-05-29T17:19:58Z" finished-at="2019-05-29T17:20:01Z">
          <reporter-output>
          </reporter-output>
        </test-method> <!-- mensaje -->
        <test-method status="PASS" signature="cerrarTest()[pri:0, instance:Cinepolis@2a70a3d8]" name="cerrarTest" is-config="true" duration-ms="2967" started-at="2019-05-29T17:20:01Z" finished-at="2019-05-29T17:20:04Z">
          <reporter-output>
          </reporter-output>
        </test-method> <!-- cerrarTest -->
      </class> <!-- Cinepolis -->
    </test> <!-- Default test -->
  </suite> <!-- Default suite -->
</testng-results>
