<?xml version="1.0" encoding="UTF-8"?>
<testng-results skipped="0" failed="0" ignored="0" total="7" passed="7">
  <reporter-output>
  </reporter-output>
  <suite name="Default suite" duration-ms="66392" started-at="2019-06-07T18:53:06Z" finished-at="2019-06-07T18:54:13Z">
    <groups>
    </groups>
    <test name="Default test" duration-ms="66392" started-at="2019-06-07T18:53:06Z" finished-at="2019-06-07T18:54:13Z">
      <class name="Cinepolis">
        <test-method status="PASS" signature="navegador()[pri:0, instance:Cinepolis@2a70a3d8]" name="navegador" is-config="true" duration-ms="22910" started-at="2019-06-07T18:53:06Z" finished-at="2019-06-07T18:53:29Z">
          <reporter-output>
          </reporter-output>
        </test-method> <!-- navegador -->
        <test-method status="PASS" signature="inicio()[pri:0, instance:Cinepolis@2a70a3d8]" name="inicio" duration-ms="6048" started-at="2019-06-07T18:53:29Z" finished-at="2019-06-07T18:53:35Z">
          <reporter-output>
          </reporter-output>
        </test-method> <!-- inicio -->
        <test-method status="PASS" signature="pelicula()[pri:1, instance:Cinepolis@2a70a3d8]" name="pelicula" duration-ms="8958" started-at="2019-06-07T18:53:35Z" finished-at="2019-06-07T18:53:44Z">
          <reporter-output>
          </reporter-output>
        </test-method> <!-- pelicula -->
        <test-method status="PASS" signature="seleccionaHorario()[pri:2, instance:Cinepolis@2a70a3d8]" name="seleccionaHorario" duration-ms="6050" started-at="2019-06-07T18:53:44Z" finished-at="2019-06-07T18:53:50Z">
          <reporter-output>
          </reporter-output>
        </test-method> <!-- seleccionaHorario -->
        <test-method status="PASS" signature="escogeLugar()[pri:3, instance:Cinepolis@2a70a3d8]" name="escogeLugar" duration-ms="2263" started-at="2019-06-07T18:53:50Z" finished-at="2019-06-07T18:53:52Z">
          <reporter-output>
          </reporter-output>
        </test-method> <!-- escogeLugar -->
        <test-method status="PASS" signature="iniciaSesion()[pri:4, instance:Cinepolis@2a70a3d8]" name="iniciaSesion" duration-ms="6489" started-at="2019-06-07T18:53:52Z" finished-at="2019-06-07T18:53:59Z">
          <reporter-output>
          </reporter-output>
        </test-method> <!-- iniciaSesion -->
        <test-method status="PASS" signature="confirmaCompra()[pri:5, instance:Cinepolis@2a70a3d8]" name="confirmaCompra" duration-ms="8992" started-at="2019-06-07T18:53:59Z" finished-at="2019-06-07T18:54:08Z">
          <reporter-output>
          </reporter-output>
        </test-method> <!-- confirmaCompra -->
        <test-method status="PASS" signature="mensaje()[pri:6, instance:Cinepolis@2a70a3d8]" name="mensaje" duration-ms="1640" started-at="2019-06-07T18:54:08Z" finished-at="2019-06-07T18:54:10Z">
          <reporter-output>
          </reporter-output>
        </test-method> <!-- mensaje -->
        <test-method status="PASS" signature="cerrarTest()[pri:0, instance:Cinepolis@2a70a3d8]" name="cerrarTest" is-config="true" duration-ms="3005" started-at="2019-06-07T18:54:10Z" finished-at="2019-06-07T18:54:13Z">
          <reporter-output>
          </reporter-output>
        </test-method> <!-- cerrarTest -->
      </class> <!-- Cinepolis -->
    </test> <!-- Default test -->
  </suite> <!-- Default suite -->
</testng-results>
