<?xml version="1.0" encoding="UTF-8"?>
<!-- Generated by org.testng.reporters.JUnitXMLReporter -->
<testsuite hostname="DESKTOP-5J08AU2" ignored="0" tests="7" failures="0" timestamp="07 jun 2019 18:54:13 GMT" time="66.392" errors="0">
  <testcase name="inicio" time="6.048" classname="Cinepolis"/>
  <testcase name="pelicula" time="8.958" classname="Cinepolis"/>
  <testcase name="seleccionaHorario" time="6.05" classname="Cinepolis"/>
  <testcase name="escogeLugar" time="2.263" classname="Cinepolis"/>
  <testcase name="iniciaSesion" time="6.489" classname="Cinepolis"/>
  <testcase name="confirmaCompra" time="8.992" classname="Cinepolis"/>
  <testcase name="mensaje" time="1.64" classname="Cinepolis"/>
</testsuite>
